1 2 1 [1, 2]
1 3 2 [1, 15, 3]
1 4 1 [1, 4]
1 5 1 [1, 5]
1 6 2 [1, 8, 6]
1 7 3 [1, 15, 12, 7]
1 8 1 [1, 8]
1 9 1 [1, 9]
1 10 1 [1, 10]
1 11 1 [1, 11]
1 12 2 [1, 15, 12]
1 13 1 [1, 13]
1 14 2 [1, 17, 14]
1 15 1 [1, 15]
1 16 1 [1, 16]
1 17 1 [1, 17]
1 18 1 [1, 18]
1 19 2 [1, 8, 19]
1 20 1 [1, 20]
2 3 2 [2, 15, 3]
2 4 2 [2, 15, 4]
2 5 2 [2, 15, 5]
2 6 2 [2, 19, 6]
2 7 3 [2, 14, 12, 7]
2 8 2 [2, 19, 8]
2 9 2 [2, 15, 9]
2 10 2 [2, 14, 10]
2 11 1 [2, 11]
2 12 2 [2, 14, 12]
2 13 1 [2, 13]
2 14 1 [2, 14]
2 15 1 [2, 15]
2 16 1 [2, 16]
2 17 2 [2, 14, 17]
2 18 2 [2, 15, 18]
2 19 1 [2, 19]
2 20 2 [2, 14, 20]
3 4 2 [3, 6, 4]
3 5 2 [3, 6, 5]
3 6 1 [3, 6]
3 7 1 [3, 7]
3 8 2 [3, 6, 8]
3 9 2 [3, 6, 9]
3 10 1 [3, 10]
3 11 1 [3, 11]
3 12 1 [3, 12]
3 13 2 [3, 6, 13]
3 14 2 [3, 10, 14]
3 15 1 [3, 15]
3 16 2 [3, 15, 16]
3 17 2 [3, 10, 17]
3 18 1 [3, 18]
3 19 2 [3, 6, 19]
3 20 2 [3, 6, 20]
4 5 2 [4, 15, 5]
4 6 1 [4, 6]
4 7 2 [4, 12, 7]
4 8 1 [4, 8]
4 9 1 [4, 9]
4 10 1 [4, 10]
4 11 2 [4, 16, 11]
4 12 1 [4, 12]
4 13 2 [4, 1, 13]
4 14 2 [4, 16, 14]
4 15 1 [4, 15]
4 16 1 [4, 16]
4 17 1 [4, 17]
4 18 1 [4, 18]
4 19 2 [4, 16, 19]
4 20 2 [4, 15, 20]
5 6 1 [5, 6]
5 7 2 [5, 12, 7]
5 8 1 [5, 8]
5 9 2 [5, 1, 9]
5 10 2 [5, 12, 10]
5 11 1 [5, 11]
5 12 1 [5, 12]
5 13 2 [5, 1, 13]
5 14 2 [5, 12, 14]
5 15 1 [5, 15]
5 16 1 [5, 16]
5 17 1 [5, 17]
5 18 2 [5, 1, 18]
5 19 2 [5, 16, 19]
5 20 2 [5, 1, 20]
6 7 1 [6, 7]
6 8 1 [6, 8]
6 9 1 [6, 9]
6 10 2 [6, 3, 10]
6 11 2 [6, 3, 11]
6 12 2 [6, 3, 12]
6 13 1 [6, 13]
6 14 2 [6, 19, 14]
6 15 2 [6, 3, 15]
6 16 2 [6, 19, 16]
6 17 2 [6, 5, 17]
6 18 1 [6, 18]
6 19 1 [6, 19]
6 20 1 [6, 20]
7 8 2 [7, 12, 8]
7 9 2 [7, 6, 9]
7 10 2 [7, 3, 10]
7 11 2 [7, 3, 11]
7 12 1 [7, 12]
7 13 2 [7, 6, 13]
7 14 2 [7, 12, 14]
7 15 2 [7, 3, 15]
7 16 3 [7, 3, 15, 16]
7 17 2 [7, 12, 17]
7 18 2 [7, 3, 18]
7 19 2 [7, 6, 19]
7 20 2 [7, 6, 20]
8 9 2 [8, 15, 9]
8 10 1 [8, 10]
8 11 2 [8, 1, 11]
8 12 1 [8, 12]
8 13 2 [8, 1, 13]
8 14 2 [8, 12, 14]
8 15 1 [8, 15]
8 16 2 [8, 15, 16]
8 17 2 [8, 12, 17]
8 18 2 [8, 15, 18]
8 19 1 [8, 19]
8 20 2 [8, 15, 20]
9 10 2 [9, 4, 10]
9 11 2 [9, 1, 11]
9 12 2 [9, 4, 12]
9 13 2 [9, 1, 13]
9 14 2 [9, 17, 14]
9 15 1 [9, 15]
9 16 2 [9, 4, 16]
9 17 1 [9, 17]
9 18 2 [9, 4, 18]
9 19 2 [9, 6, 19]
9 20 2 [9, 15, 20]
10 11 1 [10, 11]
10 12 1 [10, 12]
10 13 2 [10, 20, 13]
10 14 1 [10, 14]
10 15 1 [10, 15]
10 16 2 [10, 19, 16]
10 17 1 [10, 17]
10 18 1 [10, 18]
10 19 1 [10, 19]
10 20 1 [10, 20]
11 12 2 [11, 5, 12]
11 13 2 [11, 1, 13]
11 14 2 [11, 20, 14]
11 15 2 [11, 1, 15]
11 16 1 [11, 16]
11 17 2 [11, 1, 17]
11 18 2 [11, 1, 18]
11 19 2 [11, 16, 19]
11 20 1 [11, 20]
12 13 3 [12, 17, 1, 13]
12 14 1 [12, 14]
12 15 1 [12, 15]
12 16 2 [12, 5, 16]
12 17 1 [12, 17]
12 18 2 [12, 4, 18]
12 19 2 [12, 8, 19]
12 20 2 [12, 14, 20]
13 14 2 [13, 2, 14]
13 15 2 [13, 1, 15]
13 16 2 [13, 1, 16]
13 17 2 [13, 1, 17]
13 18 2 [13, 1, 18]
13 19 2 [13, 6, 19]
13 20 1 [13, 20]
14 15 2 [14, 16, 15]
14 16 1 [14, 16]
14 17 1 [14, 17]
14 18 2 [14, 10, 18]
14 19 1 [14, 19]
14 20 1 [14, 20]
15 16 1 [15, 16]
15 17 1 [15, 17]
15 18 1 [15, 18]
15 19 2 [15, 8, 19]
15 20 1 [15, 20]
16 17 2 [16, 14, 17]
16 18 2 [16, 15, 18]
16 19 1 [16, 19]
16 20 2 [16, 14, 20]
17 18 2 [17, 1, 18]
17 19 2 [17, 10, 19]
17 20 2 [17, 1, 20]
18 19 2 [18, 6, 19]
18 20 2 [18, 15, 20]
19 20 2 [19, 6, 20]
