1 2 None
1 3 None
1 4 None
1 5 None
1 6 None
1 7 None
1 8 1 [1, 8]
1 9 None
1 10 None
1 11 None
1 12 None
1 13 None
1 14 None
1 15 None
1 16 None
1 17 None
1 18 None
1 19 None
1 20 None
2 3 2 [2, 20, 3]
2 4 2 [2, 18, 4]
2 5 None
2 6 None
2 7 2 [2, 17, 7]
2 8 None
2 9 3 [2, 17, 7, 9]
2 10 2 [2, 17, 10]
2 11 None
2 12 1 [2, 12]
2 13 3 [2, 17, 7, 13]
2 14 None
2 15 3 [2, 18, 4, 15]
2 16 2 [2, 12, 16]
2 17 1 [2, 17]
2 18 1 [2, 18]
2 19 2 [2, 17, 19]
2 20 1 [2, 20]
3 4 3 [3, 20, 18, 4]
3 5 None
3 6 None
3 7 4 [3, 20, 18, 17, 7]
3 8 None
3 9 5 [3, 20, 18, 17, 7, 9]
3 10 4 [3, 20, 18, 17, 10]
3 11 None
3 12 3 [3, 20, 2, 12]
3 13 5 [3, 20, 18, 17, 7, 13]
3 14 None
3 15 4 [3, 20, 18, 4, 15]
3 16 4 [3, 20, 2, 12, 16]
3 17 3 [3, 20, 18, 17]
3 18 2 [3, 20, 18]
3 19 4 [3, 20, 18, 17, 19]
3 20 1 [3, 20]
4 5 None
4 6 None
4 7 3 [4, 18, 17, 7]
4 8 None
4 9 4 [4, 18, 17, 7, 9]
4 10 3 [4, 18, 17, 10]
4 11 None
4 12 3 [4, 15, 16, 12]
4 13 4 [4, 18, 17, 7, 13]
4 14 None
4 15 1 [4, 15]
4 16 2 [4, 15, 16]
4 17 2 [4, 18, 17]
4 18 1 [4, 18]
4 19 3 [4, 18, 17, 19]
4 20 2 [4, 18, 20]
5 6 None
5 7 None
5 8 None
5 9 None
5 10 None
5 11 None
5 12 None
5 13 None
5 14 None
5 15 None
5 16 None
5 17 None
5 18 None
5 19 None
5 20 None
6 7 None
6 8 None
6 9 None
6 10 None
6 11 None
6 12 None
6 13 None
6 14 None
6 15 None
6 16 None
6 17 None
6 18 None
6 19 None
6 20 None
7 8 None
7 9 1 [7, 9]
7 10 2 [7, 17, 10]
7 11 None
7 12 3 [7, 17, 10, 12]
7 13 1 [7, 13]
7 14 None
7 15 4 [7, 17, 18, 4, 15]
7 16 4 [7, 17, 10, 12, 16]
7 17 1 [7, 17]
7 18 2 [7, 17, 18]
7 19 2 [7, 17, 19]
7 20 3 [7, 17, 18, 20]
8 9 None
8 10 None
8 11 None
8 12 None
8 13 None
8 14 None
8 15 None
8 16 None
8 17 None
8 18 None
8 19 None
8 20 None
9 10 3 [9, 7, 17, 10]
9 11 None
9 12 4 [9, 7, 17, 10, 12]
9 13 2 [9, 7, 13]
9 14 None
9 15 5 [9, 7, 17, 18, 4, 15]
9 16 5 [9, 7, 17, 10, 12, 16]
9 17 2 [9, 7, 17]
9 18 3 [9, 7, 17, 18]
9 19 3 [9, 7, 17, 19]
9 20 4 [9, 7, 17, 18, 20]
10 11 None
10 12 1 [10, 12]
10 13 3 [10, 17, 7, 13]
10 14 None
10 15 3 [10, 12, 16, 15]
10 16 2 [10, 12, 16]
10 17 1 [10, 17]
10 18 2 [10, 17, 18]
10 19 2 [10, 17, 19]
10 20 3 [10, 17, 18, 20]
11 12 None
11 13 None
11 14 1 [11, 14]
11 15 None
11 16 None
11 17 None
11 18 None
11 19 None
11 20 None
12 13 4 [12, 19, 17, 7, 13]
12 14 None
12 15 2 [12, 16, 15]
12 16 1 [12, 16]
12 17 2 [12, 19, 17]
12 18 2 [12, 2, 18]
12 19 1 [12, 19]
12 20 2 [12, 2, 20]
13 14 None
13 15 5 [13, 7, 17, 18, 4, 15]
13 16 5 [13, 7, 17, 10, 12, 16]
13 17 2 [13, 7, 17]
13 18 3 [13, 7, 17, 18]
13 19 3 [13, 7, 17, 19]
13 20 4 [13, 7, 17, 18, 20]
14 15 None
14 16 None
14 17 None
14 18 None
14 19 None
14 20 None
15 16 1 [15, 16]
15 17 3 [15, 4, 18, 17]
15 18 2 [15, 4, 18]
15 19 3 [15, 16, 12, 19]
15 20 3 [15, 4, 18, 20]
16 17 3 [16, 12, 19, 17]
16 18 3 [16, 12, 2, 18]
16 19 2 [16, 12, 19]
16 20 3 [16, 12, 2, 20]
17 18 1 [17, 18]
17 19 1 [17, 19]
17 20 2 [17, 18, 20]
18 19 2 [18, 17, 19]
18 20 1 [18, 20]
19 20 3 [19, 12, 2, 20]
